Vivado Simulator 2020.2
Copyright 1986-1999, 2001-2020 Xilinx, Inc. All Rights Reserved.
Running: D:/Skola-Xilinx/Vivado/2020.2/bin/unwrapped/win64.o/xelab.exe -wto 5baccf069f8c4a4e9f4ee064346e5857 --incr --debug typical --relax --mt 2 -L xil_defaultlib -L secureip --snapshot tb_top_behav xil_defaultlib.tb_top -log elaborate.log 
Using 2 slave threads.
Starting static elaboration
Completed static elaboration
Starting simulation data flow analysis
Completed simulation data flow analysis
Time Resolution for simulation is 1ps
Compiling package std.standard
Compiling package std.textio
Compiling package ieee.std_logic_1164
Compiling package ieee.numeric_std
Compiling package ieee.std_logic_arith
Compiling package ieee.std_logic_unsigned
Compiling architecture behavioral of entity xil_defaultlib.tread_sensor [tread_sensor_default]
Compiling architecture behavioral of entity xil_defaultlib.hall_sonda [hall_sonda_default]
Compiling architecture rtl of entity xil_defaultlib.timer [timer_default]
Compiling architecture behavioral of entity xil_defaultlib.counter_distance [counter_distance_default]
Compiling architecture behavioral of entity xil_defaultlib.Velocity_counter [velocity_counter_default]
Compiling architecture behavioral of entity xil_defaultlib.clock_enable [\clock_enable(g_max=4)\]
Compiling architecture behavioral of entity xil_defaultlib.cnt_up_down [\cnt_up_down(g_cnt_width=2)\]
Compiling architecture behavioral of entity xil_defaultlib.hex_7seg_ja [hex_7seg_ja_default]
Compiling architecture behavioral of entity xil_defaultlib.hex_7seg_jb [hex_7seg_jb_default]
Compiling architecture behavioral of entity xil_defaultlib.hex_7seg_jc [hex_7seg_jc_default]
Compiling architecture behavioral of entity xil_defaultlib.hex_7seg_jd [hex_7seg_jd_default]
Compiling architecture behavioral of entity xil_defaultlib.driver_7seg_4digits [driver_7seg_4digits_default]
Compiling architecture behavioral of entity xil_defaultlib.top [top_default]
Compiling architecture behavioral of entity xil_defaultlib.tb_top
Built simulation snapshot tb_top_behav
